<?xml version="1.0" encoding="UTF-8"?>
<testsuite name="cards.DeckOfCardsTest" tests="1" skipped="0" failures="0" errors="0" timestamp="2018-11-09T14:36:32" hostname="k12admins-MBP-4.home" time="0.014">
  <properties/>
  <testcase name="PrintAllDeck" classname="cards.DeckOfCardsTest" time="0.014"/>
  <system-out><![CDATA[Optional[THREE of HEARTS]
Optional[TWO of HEARTS]
Optional[NINE of SPADES]
Optional[SEVEN of SPADES]
Optional[THREE of DIAMONDS]
Optional[TEN of SPADES]
Optional[EIGHT of CLUBS]
Optional[QUEEN of SPADES]
Optional[FOUR of DIAMONDS]
Optional[FIVE of DIAMONDS]
Optional[NINE of HEARTS]
Optional[TWO of SPADES]
Optional[QUEEN of DIAMONDS]
Optional[SIX of DIAMONDS]
Optional[TEN of CLUBS]
Optional[TEN of DIAMONDS]
Optional[TWO of DIAMONDS]
Optional[ACE of HEARTS]
Optional[FOUR of DIAMONDS]
Optional[ACE of HEARTS]
Optional[QUEEN of DIAMONDS]
Optional[FOUR of HEARTS]
Optional[TWO of SPADES]
Optional[THREE of CLUBS]
Optional[TEN of DIAMONDS]
Optional[FIVE of SPADES]
Optional[ACE of CLUBS]
Optional[EIGHT of HEARTS]
Optional[TWO of DIAMONDS]
Optional[QUEEN of CLUBS]
Optional[SEVEN of SPADES]
Optional[TEN of HEARTS]
Optional[THREE of HEARTS]
Optional[FOUR of HEARTS]
Optional[TEN of CLUBS]
Optional[EIGHT of CLUBS]
Optional[TWO of HEARTS]
Optional[EIGHT of CLUBS]
Optional[THREE of HEARTS]
Optional[JACK of HEARTS]
Optional[ACE of SPADES]
Optional[SIX of DIAMONDS]
Optional[SIX of DIAMONDS]
Optional[SEVEN of HEARTS]
Optional[QUEEN of HEARTS]
Optional[KING of SPADES]
Optional[SIX of HEARTS]
Optional[SIX of DIAMONDS]
Optional[SEVEN of HEARTS]
Optional[EIGHT of HEARTS]
Optional[JACK of DIAMONDS]
Optional[QUEEN of SPADES]
]]></system-out>
  <system-err><![CDATA[]]></system-err>
</testsuite>
